------------- New fontwheel --------------
times
.....Hello, there!
------------------------------------------
------------- New fontwheel --------------
times
.....Hello, there!
------------------------------------------
------------- New fontwheel --------------
arial
.....Hello, there!
------------------------------------------
------------- New fontwheel --------------
arial
.....Hello, there!
------------------------------------------
------------- New fontwheel --------------
times
Hello, there!
------------------------------------------
Could not find/open font
Could not find/open font
Could not find/open font
Could not find/open font
Could not find/open font
Could not find/open font
Could not find/open font
Could not find/open font
Could not find/open font
Could not find/open font
Could not find/open font
Could not find/open font
Could not find/open font
Could not find/open font
Could not find/open font
Could not find/open font
Could not find/open font
Could not find/open font
------------- New fontwheel --------------
times
Hello, there!
------------------------------------------
Could not find/open font
Could not find/open font
Could not find/open font
Could not find/open font
Could not find/open font
Could not find/open font
Could not find/open font
Could not find/open font
Could not find/open font
Could not find/open font
Could not find/open font
Could not find/open font
------------- New fontwheel --------------
arial
Hello, there!
------------------------------------------
------------- New fontwheel --------------
arial
Hello
there!
------------------------------------------
